<?xml version="1.0" encoding="UTF-8"?>
<testng-results ignored="0" total="0" passed="0" failed="0" skipped="0">
  <reporter-output>
  </reporter-output>
  <suite started-at="2023-05-20T16:30:25 EEST" name="cucumberrunner.RunCucumberTest" finished-at="2023-05-20T16:30:25 EEST" duration-ms="11">
    <groups>
    </groups>
    <test started-at="2023-05-20T16:30:25 EEST" name="Command line test" finished-at="2023-05-20T16:30:25 EEST" duration-ms="11">
    </test> <!-- Command line test -->
  </suite> <!-- cucumberrunner.RunCucumberTest -->
</testng-results>
